Determining if the pthread_create exist failed with the following output:
Change Dir: /home/husai/16_novatel_span_driver/build/CMakeFiles/CMakeTmp

Run Build Command:/usr/bin/make "cmTryCompileExec4137873548/fast"
/usr/bin/make -f CMakeFiles/cmTryCompileExec4137873548.dir/build.make CMakeFiles/cmTryCompileExec4137873548.dir/build
make[1]: Entering directory `/home/husai/16_novatel_span_driver/build/CMakeFiles/CMakeTmp'
/usr/bin/cmake -E cmake_progress_report /home/husai/16_novatel_span_driver/build/CMakeFiles/CMakeTmp/CMakeFiles 1
Building C object CMakeFiles/cmTryCompileExec4137873548.dir/CheckSymbolExists.c.o
/usr/bin/cc    -o CMakeFiles/cmTryCompileExec4137873548.dir/CheckSymbolExists.c.o   -c /home/husai/16_novatel_span_driver/build/CMakeFiles/CMakeTmp/CheckSymbolExists.c
Linking C executable cmTryCompileExec4137873548
/usr/bin/cmake -E cmake_link_script CMakeFiles/cmTryCompileExec4137873548.dir/link.txt --verbose=1
/usr/bin/cc       CMakeFiles/cmTryCompileExec4137873548.dir/CheckSymbolExists.c.o  -o cmTryCompileExec4137873548 -rdynamic 
CMakeFiles/cmTryCompileExec4137873548.dir/CheckSymbolExists.c.o: In function `main':
CheckSymbolExists.c:(.text+0x16): undefined reference to `pthread_create'
collect2: error: ld returned 1 exit status
make[1]: Leaving directory `/home/husai/16_novatel_span_driver/build/CMakeFiles/CMakeTmp'
make[1]: *** [cmTryCompileExec4137873548] Error 1
make: *** [cmTryCompileExec4137873548/fast] Error 2

File /home/husai/16_novatel_span_driver/build/CMakeFiles/CMakeTmp/CheckSymbolExists.c:
/* */
#include <pthread.h>

int main(int argc, char** argv)
{
  (void)argv;
#ifndef pthread_create
  return ((int*)(&pthread_create))[argc];
#else
  (void)argc;
  return 0;
#endif
}

Determining if the function pthread_create exists in the pthreads failed with the following output:
Change Dir: /home/husai/16_novatel_span_driver/build/CMakeFiles/CMakeTmp

Run Build Command:/usr/bin/make "cmTryCompileExec1987509126/fast"
/usr/bin/make -f CMakeFiles/cmTryCompileExec1987509126.dir/build.make CMakeFiles/cmTryCompileExec1987509126.dir/build
make[1]: Entering directory `/home/husai/16_novatel_span_driver/build/CMakeFiles/CMakeTmp'
/usr/bin/cmake -E cmake_progress_report /home/husai/16_novatel_span_driver/build/CMakeFiles/CMakeTmp/CMakeFiles 1
Building C object CMakeFiles/cmTryCompileExec1987509126.dir/CheckFunctionExists.c.o
/usr/bin/cc   -DCHECK_FUNCTION_EXISTS=pthread_create   -o CMakeFiles/cmTryCompileExec1987509126.dir/CheckFunctionExists.c.o   -c /usr/share/cmake-2.8/Modules/CheckFunctionExists.c
Linking C executable cmTryCompileExec1987509126
/usr/bin/cmake -E cmake_link_script CMakeFiles/cmTryCompileExec1987509126.dir/link.txt --verbose=1
/usr/bin/cc   -DCHECK_FUNCTION_EXISTS=pthread_create    CMakeFiles/cmTryCompileExec1987509126.dir/CheckFunctionExists.c.o  -o cmTryCompileExec1987509126 -rdynamic -lpthreads 
/usr/bin/ld: cannot find -lpthreads
collect2: error: ld returned 1 exit status
make[1]: Leaving directory `/home/husai/16_novatel_span_driver/build/CMakeFiles/CMakeTmp'
make[1]: *** [cmTryCompileExec1987509126] Error 1
make: *** [cmTryCompileExec1987509126/fast] Error 2


